<?xml version="1.0" encoding="UTF-8"?>
<testng-results ignored="0" total="1" passed="1" failed="0" skipped="0">
  <reporter-output>
  </reporter-output>
  <suite started-at="2022-02-21T20:28:16 IST" name="Default suite" finished-at="2022-02-21T20:28:21 IST" duration-ms="4805">
    <groups>
    </groups>
    <test started-at="2022-02-21T20:28:16 IST" name="Default test" finished-at="2022-02-21T20:28:21 IST" duration-ms="4805">
      <class name="restAssuredScripts.POST">
        <test-method signature="test1()[pri:0, instance:restAssuredScripts.POST@614ca7df]" started-at="2022-02-21T20:28:16 IST" name="test1" finished-at="2022-02-21T20:28:21 IST" duration-ms="4705" status="PASS">
          <reporter-output>
          </reporter-output>
        </test-method> <!-- test1 -->
      </class> <!-- restAssuredScripts.POST -->
    </test> <!-- Default test -->
  </suite> <!-- Default suite -->
</testng-results>
